.eslintrc.json 16ms
app/@types/index.d.ts 345ms
app/api/route.ts 39ms
app/components/button.test.tsx 39ms
app/components/button.tsx 32ms
app/components/drawer.tsx 56ms
app/components/image.tsx 28ms
app/components/layout.tsx 20ms
app/components/router-link.tsx 33ms
app/head.tsx 19ms
app/layout.tsx 40ms
app/page.tsx 32ms
app/styles/index.css 13ms
app/types.ts 18ms
env.mjs 29ms
instrumentation.ts 17ms
jest.config.mjs 26ms
next-env.d.ts 17ms
next.config.mjs 29ms
package.json 3ms
postcss.config.js 16ms
prettier.config.mjs 18ms
tailwind.config.js 16ms
tests/jest/jest.setup.ts 15ms
tsconfig.json 1ms
